
ROM used: 2158 (7%)
          2158 (7%) including unused fragments

          2 Average locations per line
          7 Average locations per statement

RAM used: 54 (4%) at main() level
          63 (4%) worst case

Stack used: 4 worst case (out of 31 total available)

Lines Stmts  %   Files
----- ----- ---  -----
  577   289 100  PIC18F45K22_V0_5.c
  582     0   0  C:\Program Files (x86)\PICC\devices\18F45K22.h
----- -----
 1159   289 Total

Page ROM  %  RAM   Vol Diff  Functions:
---- --- --- ---   --- ----  ----------
0     38   1   1             @delay_ms1
0     62   1   0   323  3.7  timer0_int
0    272   6   5   954  6.0  Portout
0    142   3   3   533  3.8  Makevu
0    100   2   2   539  6.7  SendSPI
0    114   3   0   578  1.9  coldstart
0    154   4   4  1031  4.9  LEDTest1
0     76   2   3   460  3.8  LEDTest2
0    114   3   4   839  5.5  LEDTest3
0     88   2   4   605  6.7  LEDTest4
0     96   2   5   671  6.7  LEDTest5
0    172   4   6  1112  5.4  LEDTest6
0     42   1   3             @DIV88
0     56   1   1   243  2.3  checkKeys
0    462  11   8  1596  5.9  main

Program metrics:
    Functions               13
    Statements              289
    Comments                305
    Volume (V)              15042
    Difficilty (D)          63.3
    Effort to implement (E) 952317
    Time to implement (T)   14 hours, 42 minutes
    Est Delivered Bugs (B)  3
    Cyclomatic Complexity   42
    Maintainability (MI)    130

 Segment     Used  Free
-----------  ----  ----
00000-00002     4  0  
00004-00006     0  4  
00008-000AC   166  0  
000AE-07FFE  1988  30606  



