
ROM used: 2224 (7%)
          2224 (7%) including unused fragments

          2 Average locations per line
          9 Average locations per statement

RAM used: 59 (4%) at main() level
          74 (5%) worst case

Stack used: 7 worst case (out of 31 total available)

Lines Stmts  %   Files
----- ----- ---  -----
  526   256 100  PIC18F45K22_V0_7.c
  582     0   0  C:\Program Files (x86)\PICC\devices\18F45K22.h
----- -----
 1108   256 Total

Page ROM  %  RAM   Vol Diff  Functions:
---- --- --- ---   --- ----  ----------
0     38   1   1             @delay_ms1
0     68   2   0   377  3.7  timer0_int
0    272   6   5   954  6.0  Portout
0    142   3   3   533  3.8  Makevu
0    100   2   2   539  6.7  SendSPI
0    126   3   0   578  1.9  coldstart
0    138   3   4   839  5.5  LEDTest3
0    220   5   6  1112  5.4  LEDTest6
0     40   1   3             @DIV88
0    202   5   6  1201  6.9  LEDTest7
0     32   1   1   133  2.9  LEDTest
0    130   3   2   750  3.9  checkKeys
0    546  12   9  1474  6.9  main

Program metrics:
    Functions               11
    Statements              256
    Comments                304
    Volume (V)              13073
    Difficilty (D)          53.8
    Effort to implement (E) 703468
    Time to implement (T)   10 hours, 51 minutes
    Est Delivered Bugs (B)  3
    Cyclomatic Complexity   44
    Maintainability (MI)    130

 Segment     Used  Free
-----------  ----  ----
00000-00002     4  0  
00004-00006     0  4  
00008-000AC   166  0  
000AE-07FFE  2054  30540  



