
ROM used:   2904 (9%)
            2904 (9%) including unused fragments

            2 Average locations per line
            8 Average locations per statement

RAM used:   57 (4%) at main() level
            72 (5%) worst case

Stack used: 7/31 worst case (3 in main + 4 for interrupts)

Lines Stmts  %   Files
----- ----- ---  -----
  694   359 100  PIC18F45K22_V0_6_77.c
  614     0   0  C:\Program Files (x86)\PICC\devices\18F45K22.h
----- -----
 1308   359 Total

Page ROM  %  RAM   Vol Diff  Functions:
---- --- --- ---   --- ----  ----------
0     38   1   1             @delay_ms1
0     68   1   0   377  3.7  timer0_int
0    272   5   5   954  6.0  Portout
0    140   2   3   533  3.8  Makevu
0    100   2   2   539  6.7  SendSPI
0    130   2   0   578  1.9  coldstart
0    214   4   4  1031  4.9  LEDTest1
0    100   2   3   460  3.8  LEDTest2
0    138   2   4   839  5.5  LEDTest3
0    112   2   4   605  6.7  LEDTest4
0    120   2   5   671  6.7  LEDTest5
0    220   4   6  1112  5.4  LEDTest6
0     40   1   3             @DIV88
0    200   3   6  1201  6.9  LEDTest7
0     92   2   2   328  3.7  LEDTest8
0     46   1   1   346  3.2  LEDTest
0     42   1   0             @goto10382
0    106   2   2   559  3.8  checkKeys
0    556  10   9  1474  6.9  main
 Inline        0             @cinit1

Program metrics:
    Functions               16
    Statements              359
    Comments                318
    Volume (V)              19060
    Difficulty (D)          79.6
    Effort to implement (E) 1516669
    Time to implement (T)   23 hours, 24 minutes
    Est Delivered Bugs (B)  4
    Cyclomatic Complexity   59
    Maintainability (MI)    112

 Segment     Used  Free
-----------  ----  ----
00000-00002     4  0  
00004-00006     0  4  
00008-000AC   166  0  
000AE-07FFE  2734  29860  



