
ROM used: 1480 (5%)
          1480 (5%) including unused fragments

          2 Average locations per line
          9 Average locations per statement

RAM used: 50 (3%) at main() level
          56 (4%) worst case

Stack used: 3 worst case (out of 31 total available)

Lines Stmts  %   Files
----- ----- ---  -----
  394   161 100  PIC18F45K22_V0_2_5.c
  582     0   0  C:\Programme\PICC\devices\18F45K22.h
----- -----
  976   161 Total

Page ROM  %  RAM   Vol Diff  Functions:
---- --- --- ---   --- ----  ----------
0     38   1   1             @delay_ms1
0     62   2   0   323  3.7  timer0_int
0    272   9   5   954  6.0  Portout
0    142   5   3   533  3.8  Makevu
0    100   3   2   539  6.7  SendSPI
0    114   4   0   578  1.9  coldstart
0    154   5   4  1031  4.9  LEDTest
0    428  14   4  1210  5.4  main

Program metrics:
    Functions               7
    Statements              161
    Comments                314
    Volume (V)              7478
    Difficilty (D)          32.4
    Effort to implement (E) 242183
    Time to implement (T)   3 hours, 44 minutes
    Est Delivered Bugs (B)  1
    Cyclomatic Complexity   29
    Maintainability (MI)    42

 Segment     Used  Free
-----------  ----  ----
00000-00002     4  0  
00004-00006     0  4  
00008-000AC   166  0  
000AE-07FFE  1310  31284  



